Added Component: Designator=C1(CS 10*8 - B)
Add component (AddParameter): Name = "BOM名称"; Value = "贴片固态电容"; VariantName = "[No Variations]"
Add component (AddParameter): Name = "版权归属"; Value = "封装库来自淘宝 ID：黄晶宝石"; VariantName = "[No Variations]"
Add component (AddParameter): Name = "联系售后"; Value = "https://item.taobao.com/item.htm?id=566775463719"; VariantName = "[No Variations]"
Added Component: Designator=C2(C0603_L)
Add component (AddParameter): Name = "BOM名称"; Value = "无极性贴片电容"; VariantName = "[No Variations]"
Add component (AddParameter): Name = "唯一出售店铺网址"; Value = "https://shop463601444.taobao.com"; VariantName = "[No Variations]"
Add component (AddParameter): Name = "淘宝ID"; Value = "封装库来自淘宝 ID：黄晶宝石"; VariantName = "[No Variations]"
Add component (AddParameter): Name = "联系售后，技术支持"; Value = "https://shop463601444.taobao.com"; VariantName = "[No Variations]"
Added Component: Designator=C3(CS 10*8 - B)
Add component (AddParameter): Name = "BOM名称"; Value = "贴片固态电容"; VariantName = "[No Variations]"
Add component (AddParameter): Name = "版权归属"; Value = "封装库来自淘宝 ID：黄晶宝石"; VariantName = "[No Variations]"
Add component (AddParameter): Name = "联系售后"; Value = "https://item.taobao.com/item.htm?id=566775463719"; VariantName = "[No Variations]"
Added Component: Designator=CFF(C0603_L)
Add component (AddParameter): Name = "BOM名称"; Value = "无极性贴片电容"; VariantName = "[No Variations]"
Add component (AddParameter): Name = "唯一出售店铺网址"; Value = "https://shop463601444.taobao.com"; VariantName = "[No Variations]"
Add component (AddParameter): Name = "淘宝ID"; Value = "封装库来自淘宝 ID：黄晶宝石"; VariantName = "[No Variations]"
Add component (AddParameter): Name = "联系售后，技术支持"; Value = "https://shop463601444.taobao.com"; VariantName = "[No Variations]"
Added Component: Designator=D1(DO-41)
Add component (AddParameter): Name = "BOM名称"; Value = "5.1V/1W稳压管"; VariantName = "[No Variations]"
Add component (AddParameter): Name = "学习资源"; Value = "https://item.taobao.com/item.htm?id=566775463719"; VariantName = "[No Variations]"
Add component (AddParameter): Name = "版权归属"; Value = "封装库来自淘宝 ID：黄晶宝石"; VariantName = "[No Variations]"
Added Component: Designator=J1(HDR2.54-WI-2P)
Add component (AddParameter): Name = "BOM名称"; Value = "2P接插件"; VariantName = "[No Variations]"
Add component (AddParameter): Name = "版权归属"; Value = "封装库来自淘宝 ID：黄晶宝石"; VariantName = "[No Variations]"
Added Component: Designator=J2(HDR2.54-WI-2P)
Add component (AddParameter): Name = "BOM名称"; Value = "2P接插件"; VariantName = "[No Variations]"
Add component (AddParameter): Name = "版权归属"; Value = "封装库来自淘宝 ID：黄晶宝石"; VariantName = "[No Variations]"
Added Component: Designator=J3(HDR2.54-WI-2P)
Add component (AddParameter): Name = "BOM名称"; Value = "2P接插件"; VariantName = "[No Variations]"
Add component (AddParameter): Name = "版权归属"; Value = "封装库来自淘宝 ID：黄晶宝石"; VariantName = "[No Variations]"
Added Component: Designator=J4(HDR2.54-WI-2P)
Add component (AddParameter): Name = "BOM名称"; Value = "2P接插件"; VariantName = "[No Variations]"
Add component (AddParameter): Name = "版权归属"; Value = "封装库来自淘宝 ID：黄晶宝石"; VariantName = "[No Variations]"
Added Component: Designator=J5(HDR2.54-LI-4P)
Add component (AddParameter): Name = "BOM名称"; Value = "4P接插件"; VariantName = "[No Variations]"
Add component (AddParameter): Name = "学习资源"; Value = "最新版本发布https://item.taobao.com/item.htm?id=566775463719"; VariantName = "[No Variations]"
Add component (AddParameter): Name = "版权归属"; Value = "封装库来自淘宝 ID：黄晶宝石"; VariantName = "[No Variations]"
Added Component: Designator=L1(LMR135)
Add component (AddParameter): Name = "BOM名称"; Value = "功率磁环电感"; VariantName = "[No Variations]"
Add component (AddParameter): Name = "淘宝ID"; Value = "封装库来自淘宝 ID：黄晶宝石"; VariantName = "[No Variations]"
Add component (AddParameter): Name = "联系售后"; Value = "https://item.taobao.com/item.htm?id=566775463719"; VariantName = "[No Variations]"
Added Component: Designator=R1(R0603_L)
Add component (AddParameter): Name = "BOM名称"; Value = "贴片电阻"; VariantName = "[No Variations]"
Add component (AddParameter): Name = "封装库来自淘宝卖家 ID：黄晶宝石"; Value = "其他店铺购入均为盗版，不享受售后技术支持服务，请立即申请退款"; VariantName = "[No Variations]"
Add component (AddParameter): Name = "版权归属"; Value = "来自淘宝 ID：黄晶宝石"; VariantName = "[No Variations]"
Add component (AddParameter): Name = "联系售后"; Value = "https://item.taobao.com/item.htm?id=566775463719"; VariantName = "[No Variations]"
Added Component: Designator=R2(R0603_L)
Add component (AddParameter): Name = "BOM名称"; Value = "贴片电阻"; VariantName = "[No Variations]"
Add component (AddParameter): Name = "封装库来自淘宝卖家 ID：黄晶宝石"; Value = "其他店铺购入均为盗版，不享受售后技术支持服务，请立即申请退款"; VariantName = "[No Variations]"
Add component (AddParameter): Name = "版权归属"; Value = "来自淘宝 ID：黄晶宝石"; VariantName = "[No Variations]"
Add component (AddParameter): Name = "联系售后"; Value = "https://item.taobao.com/item.htm?id=566775463719"; VariantName = "[No Variations]"
Added Component: Designator=R3(R0603_L)
Add component (AddParameter): Name = "BOM名称"; Value = "贴片电阻"; VariantName = "[No Variations]"
Add component (AddParameter): Name = "封装库来自淘宝卖家 ID：黄晶宝石"; Value = "其他店铺购入均为盗版，不享受售后技术支持服务，请立即申请退款"; VariantName = "[No Variations]"
Add component (AddParameter): Name = "版权归属"; Value = "来自淘宝 ID：黄晶宝石"; VariantName = "[No Variations]"
Add component (AddParameter): Name = "联系售后"; Value = "https://item.taobao.com/item.htm?id=566775463719"; VariantName = "[No Variations]"
Added Component: Designator=R4(R0603_L)
Add component (AddParameter): Name = "BOM名称"; Value = "贴片电阻"; VariantName = "[No Variations]"
Add component (AddParameter): Name = "封装库来自淘宝卖家 ID：黄晶宝石"; Value = "其他店铺购入均为盗版，不享受售后技术支持服务，请立即申请退款"; VariantName = "[No Variations]"
Add component (AddParameter): Name = "版权归属"; Value = "来自淘宝 ID：黄晶宝石"; VariantName = "[No Variations]"
Add component (AddParameter): Name = "联系售后"; Value = "https://item.taobao.com/item.htm?id=566775463719"; VariantName = "[No Variations]"
Added Component: Designator=U1(ESOP8_M)
Added Pin To Net: NetName=EN' Pin=J5-3
Added Pin To Net: NetName=EN' Pin=U1-4
Added Net: Name=EN'
Added Pin To Net: NetName=GND Pin=C1-2
Added Pin To Net: NetName=GND Pin=C2-2
Added Pin To Net: NetName=GND Pin=C3-2
Added Pin To Net: NetName=GND Pin=D1-1
Added Pin To Net: NetName=GND Pin=J2-1
Added Pin To Net: NetName=GND Pin=J2-2
Added Pin To Net: NetName=GND Pin=J5-4
Added Pin To Net: NetName=GND Pin=R2-1
Added Pin To Net: NetName=GND Pin=R4-1
Added Pin To Net: NetName=GND Pin=U1-5
Added Pin To Net: NetName=GND Pin=U1-6
Added Pin To Net: NetName=GND Pin=U1-7
Added Pin To Net: NetName=GND Pin=U1-8
Added Net: Name=GND
Added Pin To Net: NetName=NetCFF_1 Pin=CFF-1
Added Pin To Net: NetName=NetCFF_1 Pin=R1-2
Added Pin To Net: NetName=NetCFF_1 Pin=R2-2
Added Pin To Net: NetName=NetCFF_1 Pin=R3-1
Added Pin To Net: NetName=NetCFF_1 Pin=U1-3
Added Net: Name=NetCFF_1
Added Pin To Net: NetName=NetD1_2 Pin=D1-2
Added Pin To Net: NetName=NetD1_2 Pin=L1-1
Added Pin To Net: NetName=NetD1_2 Pin=U1-2
Added Net: Name=NetD1_2
Added Pin To Net: NetName=Sampling Pin=J4-1
Added Pin To Net: NetName=Sampling Pin=J4-2
Added Pin To Net: NetName=Sampling Pin=J5-1
Added Pin To Net: NetName=Sampling Pin=R4-2
Added Net: Name=Sampling
Added Pin To Net: NetName=Vcontrol Pin=J5-2
Added Pin To Net: NetName=Vcontrol Pin=R1-1
Added Net: Name=Vcontrol
Added Pin To Net: NetName=Vin Pin=C1-1
Added Pin To Net: NetName=Vin Pin=C2-1
Added Pin To Net: NetName=Vin Pin=J1-1
Added Pin To Net: NetName=Vin Pin=J1-2
Added Pin To Net: NetName=Vin Pin=U1-1
Added Net: Name=Vin
Added Pin To Net: NetName=Vout+ Pin=C3-1
Added Pin To Net: NetName=Vout+ Pin=CFF-2
Added Pin To Net: NetName=Vout+ Pin=J3-1
Added Pin To Net: NetName=Vout+ Pin=J3-2
Added Pin To Net: NetName=Vout+ Pin=L1-2
Added Pin To Net: NetName=Vout+ Pin=R3-2
Added Net: Name=Vout+
Added Class: Name=Sheet1
Added Room: Name=Sheet1
